<?xml version="1.0" encoding="UTF-8"?>
<testng-results ignored="0" total="1" passed="1" failed="0" skipped="0">
  <reporter-output>
  </reporter-output>
  <suite started-at="2023-07-18T04:45:39 GMT" name="Default suite" finished-at="2023-07-18T04:45:45 GMT" duration-ms="6126">
    <groups>
    </groups>
    <test started-at="2023-07-18T04:45:39 GMT" name="Default test" finished-at="2023-07-18T04:45:45 GMT" duration-ms="6126">
      <class name="testScripts.GooglePageTest">
        <test-method signature="javaSeacrchTest()[pri:0, instance:testScripts.GooglePageTest@378542de]" started-at="2023-07-18T04:45:39 GMT" name="javaSeacrchTest" finished-at="2023-07-18T04:45:45 GMT" duration-ms="6082" status="PASS">
          <reporter-output>
          </reporter-output>
        </test-method> <!-- javaSeacrchTest -->
      </class> <!-- testScripts.GooglePageTest -->
    </test> <!-- Default test -->
  </suite> <!-- Default suite -->
</testng-results>
